14-06-2019 14:00:19.762 [restartedMain] INFO  m.com.ultrasist.proof_of_concept.App.logStarting - Starting App on MacBook.local with PID 4292 (/Volumes/backup/SISTEMAS/test-concept/proof-of-concept/target/classes started by alphonso in /Volumes/backup/SISTEMAS/test-concept/proof-of-concept)
14-06-2019 14:00:19.764 [restartedMain] INFO  m.com.ultrasist.proof_of_concept.App.logStartupProfileInfo - No active profile set, falling back to default profiles: default
14-06-2019 14:00:20.305 [restartedMain] INFO  o.s.b.c.e.AnnotationConfigEmbeddedWebApplicationContext.prepareRefresh - Refreshing org.springframework.boot.context.embedded.AnnotationConfigEmbeddedWebApplicationContext@9306e05: startup date [Fri Jun 14 14:00:20 CDT 2019]; root of context hierarchy
14-06-2019 14:00:23.937 [restartedMain] INFO  o.s.b.c.e.t.TomcatEmbeddedServletContainer.initialize - Tomcat initialized with port(s): 8888 (http)
14-06-2019 14:00:23.958 [restartedMain] INFO  o.a.catalina.core.StandardService.log - Starting service [Tomcat]
14-06-2019 14:00:23.960 [restartedMain] INFO  o.a.catalina.core.StandardEngine.log - Starting Servlet Engine: Apache Tomcat/8.5.20
14-06-2019 14:00:24.097 [localhost-startStop-1] INFO  o.a.c.c.C.[Tomcat].[localhost].[/].log - Initializing Spring embedded WebApplicationContext
14-06-2019 14:00:24.530 [localhost-startStop-1] INFO  o.s.b.w.s.ServletRegistrationBean.onStartup - Mapping servlet: 'dispatcherServlet' to [/]
14-06-2019 14:00:24.535 [localhost-startStop-1] INFO  o.s.b.w.s.FilterRegistrationBean.configure - Mapping filter: 'metricsFilter' to: [/*]
14-06-2019 14:00:24.536 [localhost-startStop-1] INFO  o.s.b.w.s.FilterRegistrationBean.configure - Mapping filter: 'characterEncodingFilter' to: [/*]
14-06-2019 14:00:24.536 [localhost-startStop-1] INFO  o.s.b.w.s.FilterRegistrationBean.configure - Mapping filter: 'hiddenHttpMethodFilter' to: [/*]
14-06-2019 14:00:24.536 [localhost-startStop-1] INFO  o.s.b.w.s.FilterRegistrationBean.configure - Mapping filter: 'httpPutFormContentFilter' to: [/*]
14-06-2019 14:00:24.537 [localhost-startStop-1] INFO  o.s.b.w.s.FilterRegistrationBean.configure - Mapping filter: 'requestContextFilter' to: [/*]
14-06-2019 14:00:24.537 [localhost-startStop-1] INFO  o.s.b.w.s.FilterRegistrationBean.configure - Mapping filter: 'webRequestLoggingFilter' to: [/*]
14-06-2019 14:00:24.537 [localhost-startStop-1] INFO  o.s.b.w.s.FilterRegistrationBean.configure - Mapping filter: 'applicationContextIdFilter' to: [/*]
14-06-2019 14:00:25.201 [restartedMain] INFO  o.s.o.j.LocalContainerEntityManagerFactoryBean.createNativeEntityManagerFactory - Building JPA container EntityManagerFactory for persistence unit 'default'
14-06-2019 14:00:25.229 [restartedMain] INFO  o.h.jpa.internal.util.LogHelper.logPersistenceUnitInformation - HHH000204: Processing PersistenceUnitInfo [
	name: default
	...]
14-06-2019 14:00:25.335 [restartedMain] INFO  org.hibernate.Version.logVersion - HHH000412: Hibernate Core {5.0.12.Final}
14-06-2019 14:00:25.338 [restartedMain] INFO  org.hibernate.cfg.Environment.<clinit> - HHH000206: hibernate.properties not found
14-06-2019 14:00:25.340 [restartedMain] INFO  org.hibernate.cfg.Environment.buildBytecodeProvider - HHH000021: Bytecode provider name : javassist
14-06-2019 14:00:25.531 [restartedMain] INFO  o.h.annotations.common.Version.<clinit> - HCANN000001: Hibernate Commons Annotations {5.0.1.Final}
14-06-2019 14:00:25.711 [restartedMain] INFO  org.hibernate.dialect.Dialect.<init> - HHH000400: Using dialect: org.hibernate.dialect.PostgreSQLDialect
14-06-2019 14:00:25.970 [restartedMain] INFO  o.h.e.j.e.i.LobCreatorBuilderImpl.useContextualLobCreation - HHH000424: Disabling contextual LOB creation as createClob() method threw error : java.lang.reflect.InvocationTargetException
14-06-2019 14:00:25.972 [restartedMain] INFO  org.hibernate.type.BasicTypeRegistry.register - HHH000270: Type registration [java.util.UUID] overrides previous : org.hibernate.type.UUIDBinaryType@675863c8
14-06-2019 14:00:26.256 [restartedMain] INFO  o.h.tool.hbm2ddl.SchemaUpdate.execute - HHH000228: Running hbm2ddl schema update
14-06-2019 14:00:26.334 [restartedMain] INFO  o.s.o.j.LocalContainerEntityManagerFactoryBean.buildNativeEntityManagerFactory - Initialized JPA EntityManagerFactory for persistence unit 'default'
14-06-2019 14:00:28.109 [restartedMain] INFO  o.s.b.a.e.mvc.EndpointHandlerMapping.register - Mapped "{[/info || /info.json],methods=[GET],produces=[application/vnd.spring-boot.actuator.v1+json || application/json]}" onto public java.lang.Object org.springframework.boot.actuate.endpoint.mvc.EndpointMvcAdapter.invoke()
14-06-2019 14:00:28.111 [restartedMain] INFO  o.s.b.a.e.mvc.EndpointHandlerMapping.register - Mapped "{[/health || /health.json],methods=[GET],produces=[application/vnd.spring-boot.actuator.v1+json || application/json]}" onto public java.lang.Object org.springframework.boot.actuate.endpoint.mvc.HealthMvcEndpoint.invoke(javax.servlet.http.HttpServletRequest,java.security.Principal)
14-06-2019 14:00:28.113 [restartedMain] INFO  o.s.b.a.e.mvc.EndpointHandlerMapping.register - Mapped "{[/auditevents || /auditevents.json],methods=[GET],produces=[application/vnd.spring-boot.actuator.v1+json || application/json]}" onto public org.springframework.http.ResponseEntity<?> org.springframework.boot.actuate.endpoint.mvc.AuditEventsMvcEndpoint.findByPrincipalAndAfterAndType(java.lang.String,java.util.Date,java.lang.String)
14-06-2019 14:00:28.116 [restartedMain] INFO  o.s.b.a.e.mvc.EndpointHandlerMapping.register - Mapped "{[/heapdump || /heapdump.json],methods=[GET],produces=[application/octet-stream]}" onto public void org.springframework.boot.actuate.endpoint.mvc.HeapdumpMvcEndpoint.invoke(boolean,javax.servlet.http.HttpServletRequest,javax.servlet.http.HttpServletResponse) throws java.io.IOException,javax.servlet.ServletException
14-06-2019 14:00:28.118 [restartedMain] INFO  o.s.b.a.e.mvc.EndpointHandlerMapping.register - Mapped "{[/autoconfig || /autoconfig.json],methods=[GET],produces=[application/vnd.spring-boot.actuator.v1+json || application/json]}" onto public java.lang.Object org.springframework.boot.actuate.endpoint.mvc.EndpointMvcAdapter.invoke()
14-06-2019 14:00:28.121 [restartedMain] INFO  o.s.b.a.e.mvc.EndpointHandlerMapping.register - Mapped "{[/loggers/{name:.*}],methods=[GET],produces=[application/vnd.spring-boot.actuator.v1+json || application/json]}" onto public java.lang.Object org.springframework.boot.actuate.endpoint.mvc.LoggersMvcEndpoint.get(java.lang.String)
14-06-2019 14:00:28.123 [restartedMain] INFO  o.s.b.a.e.mvc.EndpointHandlerMapping.register - Mapped "{[/loggers/{name:.*}],methods=[POST],consumes=[application/vnd.spring-boot.actuator.v1+json || application/json],produces=[application/vnd.spring-boot.actuator.v1+json || application/json]}" onto public java.lang.Object org.springframework.boot.actuate.endpoint.mvc.LoggersMvcEndpoint.set(java.lang.String,java.util.Map<java.lang.String, java.lang.String>)
14-06-2019 14:00:28.123 [restartedMain] INFO  o.s.b.a.e.mvc.EndpointHandlerMapping.register - Mapped "{[/loggers || /loggers.json],methods=[GET],produces=[application/vnd.spring-boot.actuator.v1+json || application/json]}" onto public java.lang.Object org.springframework.boot.actuate.endpoint.mvc.EndpointMvcAdapter.invoke()
14-06-2019 14:00:28.125 [restartedMain] INFO  o.s.b.a.e.mvc.EndpointHandlerMapping.register - Mapped "{[/configprops || /configprops.json],methods=[GET],produces=[application/vnd.spring-boot.actuator.v1+json || application/json]}" onto public java.lang.Object org.springframework.boot.actuate.endpoint.mvc.EndpointMvcAdapter.invoke()
14-06-2019 14:00:28.126 [restartedMain] INFO  o.s.b.a.e.mvc.EndpointHandlerMapping.register - Mapped "{[/beans || /beans.json],methods=[GET],produces=[application/vnd.spring-boot.actuator.v1+json || application/json]}" onto public java.lang.Object org.springframework.boot.actuate.endpoint.mvc.EndpointMvcAdapter.invoke()
14-06-2019 14:00:28.128 [restartedMain] INFO  o.s.b.a.e.mvc.EndpointHandlerMapping.register - Mapped "{[/trace || /trace.json],methods=[GET],produces=[application/vnd.spring-boot.actuator.v1+json || application/json]}" onto public java.lang.Object org.springframework.boot.actuate.endpoint.mvc.EndpointMvcAdapter.invoke()
14-06-2019 14:00:28.130 [restartedMain] INFO  o.s.b.a.e.mvc.EndpointHandlerMapping.register - Mapped "{[/logfile || /logfile.json],methods=[GET || HEAD]}" onto public void org.springframework.boot.actuate.endpoint.mvc.LogFileMvcEndpoint.invoke(javax.servlet.http.HttpServletRequest,javax.servlet.http.HttpServletResponse) throws javax.servlet.ServletException,java.io.IOException
14-06-2019 14:00:28.131 [restartedMain] INFO  o.s.b.a.e.mvc.EndpointHandlerMapping.register - Mapped "{[/env/{name:.*}],methods=[GET],produces=[application/vnd.spring-boot.actuator.v1+json || application/json]}" onto public java.lang.Object org.springframework.boot.actuate.endpoint.mvc.EnvironmentMvcEndpoint.value(java.lang.String)
14-06-2019 14:00:28.132 [restartedMain] INFO  o.s.b.a.e.mvc.EndpointHandlerMapping.register - Mapped "{[/env || /env.json],methods=[GET],produces=[application/vnd.spring-boot.actuator.v1+json || application/json]}" onto public java.lang.Object org.springframework.boot.actuate.endpoint.mvc.EndpointMvcAdapter.invoke()
14-06-2019 14:00:28.134 [restartedMain] INFO  o.s.b.a.e.mvc.EndpointHandlerMapping.register - Mapped "{[/metrics/{name:.*}],methods=[GET],produces=[application/vnd.spring-boot.actuator.v1+json || application/json]}" onto public java.lang.Object org.springframework.boot.actuate.endpoint.mvc.MetricsMvcEndpoint.value(java.lang.String)
14-06-2019 14:00:28.135 [restartedMain] INFO  o.s.b.a.e.mvc.EndpointHandlerMapping.register - Mapped "{[/metrics || /metrics.json],methods=[GET],produces=[application/vnd.spring-boot.actuator.v1+json || application/json]}" onto public java.lang.Object org.springframework.boot.actuate.endpoint.mvc.EndpointMvcAdapter.invoke()
14-06-2019 14:00:28.136 [restartedMain] INFO  o.s.b.a.e.mvc.EndpointHandlerMapping.register - Mapped "{[/mappings || /mappings.json],methods=[GET],produces=[application/vnd.spring-boot.actuator.v1+json || application/json]}" onto public java.lang.Object org.springframework.boot.actuate.endpoint.mvc.EndpointMvcAdapter.invoke()
14-06-2019 14:00:28.137 [restartedMain] INFO  o.s.b.a.e.mvc.EndpointHandlerMapping.register - Mapped "{[/dump || /dump.json],methods=[GET],produces=[application/vnd.spring-boot.actuator.v1+json || application/json]}" onto public java.lang.Object org.springframework.boot.actuate.endpoint.mvc.EndpointMvcAdapter.invoke()
14-06-2019 14:00:28.519 [restartedMain] INFO  o.s.b.d.a.OptionalLiveReloadServer.startServer - LiveReload server is running on port 35729
14-06-2019 14:00:28.650 [restartedMain] INFO  o.s.j.e.a.AnnotationMBeanExporter.afterSingletonsInstantiated - Registering beans for JMX exposure on startup
14-06-2019 14:00:28.671 [restartedMain] INFO  o.s.c.s.DefaultLifecycleProcessor.start - Starting beans in phase 0
14-06-2019 14:00:28.874 [restartedMain] INFO  o.s.b.c.e.t.TomcatEmbeddedServletContainer.start - Tomcat started on port(s): 8888 (http)
14-06-2019 14:00:28.882 [restartedMain] INFO  m.com.ultrasist.proof_of_concept.App.logStarted - Started App in 9.568 seconds (JVM running for 10.302)
14-06-2019 14:02:32.328 [restartedMain] INFO  m.com.ultrasist.proof_of_concept.App.logStarting - Starting App on MacBook.local with PID 4326 (/Volumes/backup/SISTEMAS/test-concept/proof-of-concept/target/classes started by alphonso in /Volumes/backup/SISTEMAS/test-concept/proof-of-concept)
14-06-2019 14:02:32.330 [restartedMain] INFO  m.com.ultrasist.proof_of_concept.App.logStartupProfileInfo - No active profile set, falling back to default profiles: default
14-06-2019 14:02:32.821 [restartedMain] INFO  o.s.b.c.e.AnnotationConfigEmbeddedWebApplicationContext.prepareRefresh - Refreshing org.springframework.boot.context.embedded.AnnotationConfigEmbeddedWebApplicationContext@6737737e: startup date [Fri Jun 14 14:02:32 CDT 2019]; root of context hierarchy
14-06-2019 14:02:36.021 [restartedMain] INFO  o.s.b.c.e.t.TomcatEmbeddedServletContainer.initialize - Tomcat initialized with port(s): 8888 (http)
14-06-2019 14:02:36.039 [restartedMain] INFO  o.a.catalina.core.StandardService.log - Starting service [Tomcat]
14-06-2019 14:02:36.041 [restartedMain] INFO  o.a.catalina.core.StandardEngine.log - Starting Servlet Engine: Apache Tomcat/8.5.20
14-06-2019 14:02:36.177 [localhost-startStop-1] INFO  o.a.c.c.C.[Tomcat].[localhost].[/].log - Initializing Spring embedded WebApplicationContext
14-06-2019 14:02:36.590 [localhost-startStop-1] INFO  o.s.b.w.s.ServletRegistrationBean.onStartup - Mapping servlet: 'dispatcherServlet' to [/]
14-06-2019 14:02:36.595 [localhost-startStop-1] INFO  o.s.b.w.s.FilterRegistrationBean.configure - Mapping filter: 'metricsFilter' to: [/*]
14-06-2019 14:02:36.596 [localhost-startStop-1] INFO  o.s.b.w.s.FilterRegistrationBean.configure - Mapping filter: 'characterEncodingFilter' to: [/*]
14-06-2019 14:02:36.596 [localhost-startStop-1] INFO  o.s.b.w.s.FilterRegistrationBean.configure - Mapping filter: 'hiddenHttpMethodFilter' to: [/*]
14-06-2019 14:02:36.596 [localhost-startStop-1] INFO  o.s.b.w.s.FilterRegistrationBean.configure - Mapping filter: 'httpPutFormContentFilter' to: [/*]
14-06-2019 14:02:36.596 [localhost-startStop-1] INFO  o.s.b.w.s.FilterRegistrationBean.configure - Mapping filter: 'requestContextFilter' to: [/*]
14-06-2019 14:02:36.597 [localhost-startStop-1] INFO  o.s.b.w.s.FilterRegistrationBean.configure - Mapping filter: 'webRequestLoggingFilter' to: [/*]
14-06-2019 14:02:36.597 [localhost-startStop-1] INFO  o.s.b.w.s.FilterRegistrationBean.configure - Mapping filter: 'applicationContextIdFilter' to: [/*]
14-06-2019 14:02:37.223 [restartedMain] INFO  o.s.o.j.LocalContainerEntityManagerFactoryBean.createNativeEntityManagerFactory - Building JPA container EntityManagerFactory for persistence unit 'default'
14-06-2019 14:02:37.249 [restartedMain] INFO  o.h.jpa.internal.util.LogHelper.logPersistenceUnitInformation - HHH000204: Processing PersistenceUnitInfo [
	name: default
	...]
14-06-2019 14:02:37.366 [restartedMain] INFO  org.hibernate.Version.logVersion - HHH000412: Hibernate Core {5.0.12.Final}
14-06-2019 14:02:37.378 [restartedMain] INFO  org.hibernate.cfg.Environment.<clinit> - HHH000206: hibernate.properties not found
14-06-2019 14:02:37.382 [restartedMain] INFO  org.hibernate.cfg.Environment.buildBytecodeProvider - HHH000021: Bytecode provider name : javassist
14-06-2019 14:02:37.452 [restartedMain] INFO  o.h.annotations.common.Version.<clinit> - HCANN000001: Hibernate Commons Annotations {5.0.1.Final}
14-06-2019 14:02:37.737 [restartedMain] INFO  org.hibernate.dialect.Dialect.<init> - HHH000400: Using dialect: org.hibernate.dialect.PostgreSQLDialect
14-06-2019 14:02:37.949 [restartedMain] INFO  o.h.e.j.e.i.LobCreatorBuilderImpl.useContextualLobCreation - HHH000424: Disabling contextual LOB creation as createClob() method threw error : java.lang.reflect.InvocationTargetException
14-06-2019 14:02:37.956 [restartedMain] INFO  org.hibernate.type.BasicTypeRegistry.register - HHH000270: Type registration [java.util.UUID] overrides previous : org.hibernate.type.UUIDBinaryType@5170c48e
14-06-2019 14:02:38.169 [restartedMain] INFO  o.h.tool.hbm2ddl.SchemaUpdate.execute - HHH000228: Running hbm2ddl schema update
14-06-2019 14:02:38.227 [restartedMain] INFO  o.s.o.j.LocalContainerEntityManagerFactoryBean.buildNativeEntityManagerFactory - Initialized JPA EntityManagerFactory for persistence unit 'default'
14-06-2019 14:02:40.725 [restartedMain] INFO  o.s.b.a.e.mvc.EndpointHandlerMapping.register - Mapped "{[/info || /info.json],methods=[GET],produces=[application/vnd.spring-boot.actuator.v1+json || application/json]}" onto public java.lang.Object org.springframework.boot.actuate.endpoint.mvc.EndpointMvcAdapter.invoke()
14-06-2019 14:02:40.729 [restartedMain] INFO  o.s.b.a.e.mvc.EndpointHandlerMapping.register - Mapped "{[/health || /health.json],methods=[GET],produces=[application/vnd.spring-boot.actuator.v1+json || application/json]}" onto public java.lang.Object org.springframework.boot.actuate.endpoint.mvc.HealthMvcEndpoint.invoke(javax.servlet.http.HttpServletRequest,java.security.Principal)
14-06-2019 14:02:40.746 [restartedMain] INFO  o.s.b.a.e.mvc.EndpointHandlerMapping.register - Mapped "{[/loggers/{name:.*}],methods=[GET],produces=[application/vnd.spring-boot.actuator.v1+json || application/json]}" onto public java.lang.Object org.springframework.boot.actuate.endpoint.mvc.LoggersMvcEndpoint.get(java.lang.String)
14-06-2019 14:02:40.747 [restartedMain] INFO  o.s.b.a.e.mvc.EndpointHandlerMapping.register - Mapped "{[/loggers/{name:.*}],methods=[POST],consumes=[application/vnd.spring-boot.actuator.v1+json || application/json],produces=[application/vnd.spring-boot.actuator.v1+json || application/json]}" onto public java.lang.Object org.springframework.boot.actuate.endpoint.mvc.LoggersMvcEndpoint.set(java.lang.String,java.util.Map<java.lang.String, java.lang.String>)
14-06-2019 14:02:40.752 [restartedMain] INFO  o.s.b.a.e.mvc.EndpointHandlerMapping.register - Mapped "{[/loggers || /loggers.json],methods=[GET],produces=[application/vnd.spring-boot.actuator.v1+json || application/json]}" onto public java.lang.Object org.springframework.boot.actuate.endpoint.mvc.EndpointMvcAdapter.invoke()
14-06-2019 14:02:40.756 [restartedMain] INFO  o.s.b.a.e.mvc.EndpointHandlerMapping.register - Mapped "{[/trace || /trace.json],methods=[GET],produces=[application/vnd.spring-boot.actuator.v1+json || application/json]}" onto public java.lang.Object org.springframework.boot.actuate.endpoint.mvc.EndpointMvcAdapter.invoke()
14-06-2019 14:02:40.759 [restartedMain] INFO  o.s.b.a.e.mvc.EndpointHandlerMapping.register - Mapped "{[/logfile || /logfile.json],methods=[GET || HEAD]}" onto public void org.springframework.boot.actuate.endpoint.mvc.LogFileMvcEndpoint.invoke(javax.servlet.http.HttpServletRequest,javax.servlet.http.HttpServletResponse) throws javax.servlet.ServletException,java.io.IOException
14-06-2019 14:02:40.761 [restartedMain] INFO  o.s.b.a.e.mvc.EndpointHandlerMapping.register - Mapped "{[/env/{name:.*}],methods=[GET],produces=[application/vnd.spring-boot.actuator.v1+json || application/json]}" onto public java.lang.Object org.springframework.boot.actuate.endpoint.mvc.EnvironmentMvcEndpoint.value(java.lang.String)
14-06-2019 14:02:40.762 [restartedMain] INFO  o.s.b.a.e.mvc.EndpointHandlerMapping.register - Mapped "{[/env || /env.json],methods=[GET],produces=[application/vnd.spring-boot.actuator.v1+json || application/json]}" onto public java.lang.Object org.springframework.boot.actuate.endpoint.mvc.EndpointMvcAdapter.invoke()
14-06-2019 14:02:40.763 [restartedMain] INFO  o.s.b.a.e.mvc.EndpointHandlerMapping.register - Mapped "{[/metrics/{name:.*}],methods=[GET],produces=[application/vnd.spring-boot.actuator.v1+json || application/json]}" onto public java.lang.Object org.springframework.boot.actuate.endpoint.mvc.MetricsMvcEndpoint.value(java.lang.String)
14-06-2019 14:02:40.764 [restartedMain] INFO  o.s.b.a.e.mvc.EndpointHandlerMapping.register - Mapped "{[/metrics || /metrics.json],methods=[GET],produces=[application/vnd.spring-boot.actuator.v1+json || application/json]}" onto public java.lang.Object org.springframework.boot.actuate.endpoint.mvc.EndpointMvcAdapter.invoke()
14-06-2019 14:02:40.766 [restartedMain] INFO  o.s.b.a.e.mvc.EndpointHandlerMapping.register - Mapped "{[/configprops || /configprops.json],methods=[GET],produces=[application/vnd.spring-boot.actuator.v1+json || application/json]}" onto public java.lang.Object org.springframework.boot.actuate.endpoint.mvc.EndpointMvcAdapter.invoke()
14-06-2019 14:02:40.767 [restartedMain] INFO  o.s.b.a.e.mvc.EndpointHandlerMapping.register - Mapped "{[/autoconfig || /autoconfig.json],methods=[GET],produces=[application/vnd.spring-boot.actuator.v1+json || application/json]}" onto public java.lang.Object org.springframework.boot.actuate.endpoint.mvc.EndpointMvcAdapter.invoke()
14-06-2019 14:02:40.769 [restartedMain] INFO  o.s.b.a.e.mvc.EndpointHandlerMapping.register - Mapped "{[/auditevents || /auditevents.json],methods=[GET],produces=[application/vnd.spring-boot.actuator.v1+json || application/json]}" onto public org.springframework.http.ResponseEntity<?> org.springframework.boot.actuate.endpoint.mvc.AuditEventsMvcEndpoint.findByPrincipalAndAfterAndType(java.lang.String,java.util.Date,java.lang.String)
14-06-2019 14:02:40.770 [restartedMain] INFO  o.s.b.a.e.mvc.EndpointHandlerMapping.register - Mapped "{[/beans || /beans.json],methods=[GET],produces=[application/vnd.spring-boot.actuator.v1+json || application/json]}" onto public java.lang.Object org.springframework.boot.actuate.endpoint.mvc.EndpointMvcAdapter.invoke()
14-06-2019 14:02:40.803 [restartedMain] INFO  o.s.b.a.e.mvc.EndpointHandlerMapping.register - Mapped "{[/dump || /dump.json],methods=[GET],produces=[application/vnd.spring-boot.actuator.v1+json || application/json]}" onto public java.lang.Object org.springframework.boot.actuate.endpoint.mvc.EndpointMvcAdapter.invoke()
14-06-2019 14:02:40.807 [restartedMain] INFO  o.s.b.a.e.mvc.EndpointHandlerMapping.register - Mapped "{[/heapdump || /heapdump.json],methods=[GET],produces=[application/octet-stream]}" onto public void org.springframework.boot.actuate.endpoint.mvc.HeapdumpMvcEndpoint.invoke(boolean,javax.servlet.http.HttpServletRequest,javax.servlet.http.HttpServletResponse) throws java.io.IOException,javax.servlet.ServletException
14-06-2019 14:02:40.808 [restartedMain] INFO  o.s.b.a.e.mvc.EndpointHandlerMapping.register - Mapped "{[/mappings || /mappings.json],methods=[GET],produces=[application/vnd.spring-boot.actuator.v1+json || application/json]}" onto public java.lang.Object org.springframework.boot.actuate.endpoint.mvc.EndpointMvcAdapter.invoke()
14-06-2019 14:02:41.191 [restartedMain] WARN  o.s.b.d.a.OptionalLiveReloadServer.startServer - Unable to start LiveReload server
14-06-2019 14:02:41.380 [restartedMain] INFO  o.s.j.e.a.AnnotationMBeanExporter.afterSingletonsInstantiated - Registering beans for JMX exposure on startup
14-06-2019 14:02:41.399 [restartedMain] INFO  o.s.c.s.DefaultLifecycleProcessor.start - Starting beans in phase 0
14-06-2019 14:02:41.610 [restartedMain] ERROR o.a.coyote.http11.Http11NioProtocol.log - Failed to start end point associated with ProtocolHandler ["http-nio-8888"]
java.net.BindException: Address already in use
	at sun.nio.ch.Net.bind0(Native Method)
	at sun.nio.ch.Net.bind(Net.java:433)
	at sun.nio.ch.Net.bind(Net.java:425)
	at sun.nio.ch.ServerSocketChannelImpl.bind(ServerSocketChannelImpl.java:223)
	at sun.nio.ch.ServerSocketAdaptor.bind(ServerSocketAdaptor.java:74)
	at org.apache.tomcat.util.net.NioEndpoint.bind(NioEndpoint.java:210)
	at org.apache.tomcat.util.net.AbstractEndpoint.start(AbstractEndpoint.java:990)
	at org.apache.coyote.AbstractProtocol.start(AbstractProtocol.java:635)
	at org.apache.catalina.connector.Connector.startInternal(Connector.java:1022)
	at org.apache.catalina.util.LifecycleBase.start(LifecycleBase.java:150)
	at org.apache.catalina.core.StandardService.addConnector(StandardService.java:225)
	at org.springframework.boot.context.embedded.tomcat.TomcatEmbeddedServletContainer.addPreviouslyRemovedConnectors(TomcatEmbeddedServletContainer.java:250)
	at org.springframework.boot.context.embedded.tomcat.TomcatEmbeddedServletContainer.start(TomcatEmbeddedServletContainer.java:193)
	at org.springframework.boot.context.embedded.EmbeddedWebApplicationContext.startEmbeddedServletContainer(EmbeddedWebApplicationContext.java:297)
	at org.springframework.boot.context.embedded.EmbeddedWebApplicationContext.finishRefresh(EmbeddedWebApplicationContext.java:145)
	at org.springframework.context.support.AbstractApplicationContext.refresh(AbstractApplicationContext.java:546)
	at org.springframework.boot.context.embedded.EmbeddedWebApplicationContext.refresh(EmbeddedWebApplicationContext.java:122)
	at org.springframework.boot.SpringApplication.refresh(SpringApplication.java:693)
	at org.springframework.boot.SpringApplication.refreshContext(SpringApplication.java:360)
	at org.springframework.boot.SpringApplication.run(SpringApplication.java:303)
	at org.springframework.boot.SpringApplication.run(SpringApplication.java:1118)
	at org.springframework.boot.SpringApplication.run(SpringApplication.java:1107)
	at mx.com.ultrasist.proof_of_concept.App.main(App.java:12)
	at sun.reflect.NativeMethodAccessorImpl.invoke0(Native Method)
	at sun.reflect.NativeMethodAccessorImpl.invoke(NativeMethodAccessorImpl.java:62)
	at sun.reflect.DelegatingMethodAccessorImpl.invoke(DelegatingMethodAccessorImpl.java:43)
	at java.lang.reflect.Method.invoke(Method.java:498)
	at org.springframework.boot.devtools.restart.RestartLauncher.run(RestartLauncher.java:49)
14-06-2019 14:02:41.613 [restartedMain] ERROR o.a.catalina.core.StandardService.log - Failed to start connector [Connector[HTTP/1.1-8888]]
org.apache.catalina.LifecycleException: Failed to start component [Connector[HTTP/1.1-8888]]
	at org.apache.catalina.util.LifecycleBase.start(LifecycleBase.java:167)
	at org.apache.catalina.core.StandardService.addConnector(StandardService.java:225)
	at org.springframework.boot.context.embedded.tomcat.TomcatEmbeddedServletContainer.addPreviouslyRemovedConnectors(TomcatEmbeddedServletContainer.java:250)
	at org.springframework.boot.context.embedded.tomcat.TomcatEmbeddedServletContainer.start(TomcatEmbeddedServletContainer.java:193)
	at org.springframework.boot.context.embedded.EmbeddedWebApplicationContext.startEmbeddedServletContainer(EmbeddedWebApplicationContext.java:297)
	at org.springframework.boot.context.embedded.EmbeddedWebApplicationContext.finishRefresh(EmbeddedWebApplicationContext.java:145)
	at org.springframework.context.support.AbstractApplicationContext.refresh(AbstractApplicationContext.java:546)
	at org.springframework.boot.context.embedded.EmbeddedWebApplicationContext.refresh(EmbeddedWebApplicationContext.java:122)
	at org.springframework.boot.SpringApplication.refresh(SpringApplication.java:693)
	at org.springframework.boot.SpringApplication.refreshContext(SpringApplication.java:360)
	at org.springframework.boot.SpringApplication.run(SpringApplication.java:303)
	at org.springframework.boot.SpringApplication.run(SpringApplication.java:1118)
	at org.springframework.boot.SpringApplication.run(SpringApplication.java:1107)
	at mx.com.ultrasist.proof_of_concept.App.main(App.java:12)
	at sun.reflect.NativeMethodAccessorImpl.invoke0(Native Method)
	at sun.reflect.NativeMethodAccessorImpl.invoke(NativeMethodAccessorImpl.java:62)
	at sun.reflect.DelegatingMethodAccessorImpl.invoke(DelegatingMethodAccessorImpl.java:43)
	at java.lang.reflect.Method.invoke(Method.java:498)
	at org.springframework.boot.devtools.restart.RestartLauncher.run(RestartLauncher.java:49)
Caused by: org.apache.catalina.LifecycleException: service.getName(): "Tomcat";  Protocol handler start failed
	at org.apache.catalina.connector.Connector.startInternal(Connector.java:1029)
	at org.apache.catalina.util.LifecycleBase.start(LifecycleBase.java:150)
	... 18 common frames omitted
Caused by: java.net.BindException: Address already in use
	at sun.nio.ch.Net.bind0(Native Method)
	at sun.nio.ch.Net.bind(Net.java:433)
	at sun.nio.ch.Net.bind(Net.java:425)
	at sun.nio.ch.ServerSocketChannelImpl.bind(ServerSocketChannelImpl.java:223)
	at sun.nio.ch.ServerSocketAdaptor.bind(ServerSocketAdaptor.java:74)
	at org.apache.tomcat.util.net.NioEndpoint.bind(NioEndpoint.java:210)
	at org.apache.tomcat.util.net.AbstractEndpoint.start(AbstractEndpoint.java:990)
	at org.apache.coyote.AbstractProtocol.start(AbstractProtocol.java:635)
	at org.apache.catalina.connector.Connector.startInternal(Connector.java:1022)
	... 19 common frames omitted
14-06-2019 14:02:41.633 [restartedMain] INFO  o.a.catalina.core.StandardService.log - Stopping service [Tomcat]
14-06-2019 14:02:41.718 [restartedMain] INFO  o.s.b.a.l.AutoConfigurationReportLoggingInitializer.logAutoConfigurationReport - 

Error starting ApplicationContext. To display the auto-configuration report re-run your application with 'debug' enabled.
14-06-2019 14:02:41.725 [restartedMain] ERROR o.s.b.d.LoggingFailureAnalysisReporter.report - 

***************************
APPLICATION FAILED TO START
***************************

Description:

The Tomcat connector configured to listen on port 8888 failed to start. The port may already be in use or the connector may be misconfigured.

Action:

Verify the connector's configuration, identify and stop any process that's listening on port 8888, or configure this application to listen on another port.

14-06-2019 14:02:41.728 [restartedMain] INFO  o.s.b.c.e.AnnotationConfigEmbeddedWebApplicationContext.doClose - Closing org.springframework.boot.context.embedded.AnnotationConfigEmbeddedWebApplicationContext@6737737e: startup date [Fri Jun 14 14:02:32 CDT 2019]; root of context hierarchy
14-06-2019 14:02:41.731 [restartedMain] INFO  o.s.c.s.DefaultLifecycleProcessor.stop - Stopping beans in phase 0
14-06-2019 14:02:41.739 [restartedMain] INFO  o.s.j.e.a.AnnotationMBeanExporter.destroy - Unregistering JMX-exposed beans on shutdown
14-06-2019 14:02:41.740 [restartedMain] INFO  o.s.o.j.LocalContainerEntityManagerFactoryBean.destroy - Closing JPA EntityManagerFactory for persistence unit 'default'
14-06-2019 14:03:11.709 [http-nio-8888-exec-2] INFO  o.a.c.c.C.[Tomcat].[localhost].[/].log - Initializing Spring FrameworkServlet 'dispatcherServlet'
14-06-2019 14:03:45.439 [Thread-10] INFO  o.s.b.c.e.AnnotationConfigEmbeddedWebApplicationContext.doClose - Closing org.springframework.boot.context.embedded.AnnotationConfigEmbeddedWebApplicationContext@9306e05: startup date [Fri Jun 14 14:00:20 CDT 2019]; root of context hierarchy
14-06-2019 14:03:45.442 [Thread-10] INFO  o.s.c.s.DefaultLifecycleProcessor.stop - Stopping beans in phase 0
14-06-2019 14:03:45.445 [Thread-10] INFO  o.s.j.e.a.AnnotationMBeanExporter.destroy - Unregistering JMX-exposed beans on shutdown
14-06-2019 14:03:45.446 [Thread-10] INFO  o.s.o.j.LocalContainerEntityManagerFactoryBean.destroy - Closing JPA EntityManagerFactory for persistence unit 'default'
14-06-2019 14:06:18.076 [main] INFO  m.c.u.p.ServiciosRestTest.logStarting - Starting ServiciosRestTest on MacBook.local with PID 4420 (started by alphonso in /Volumes/backup/SISTEMAS/test-concept/proof-of-concept)
14-06-2019 14:06:18.080 [main] INFO  m.c.u.p.ServiciosRestTest.logStartupProfileInfo - No active profile set, falling back to default profiles: default
14-06-2019 14:06:22.415 [main] INFO  o.s.b.t.m.w.SpringBootMockServletContext.log - Initializing Spring FrameworkServlet ''
14-06-2019 14:06:22.417 [main] INFO  o.s.t.w.s.TestDispatcherServlet.initServletBean - FrameworkServlet '': initialization started
14-06-2019 14:06:22.441 [main] INFO  o.s.t.w.s.TestDispatcherServlet.initServletBean - FrameworkServlet '': initialization completed in 24 ms
14-06-2019 14:06:22.575 [main] INFO  m.c.u.p.ServiciosRestTest.logStarted - Started ServiciosRestTest in 5.335 seconds (JVM running for 7.058)
